1611282991463	geckodriver	INFO	Listening on 127.0.0.1:63528
1611282992470	mozrunner::runner	INFO	Running command: "/Applications/Firefox.app/Contents/MacOS/firefox-bin" "--marionette" "-foreground" "-no-remote" "-profile" "/var/folders/ws/p5bl_7y55xl8ffvb_zyy_g_40000gn/T/rust_mozprofileWcfyG3"
2021-01-22 10:36:34.199 firefox-bin[99376:9377369] Warning: Expected min height of view: (<NSButton: 0x139239c00>) to be less than or equal to 30 but got a height of 32.000000. This error will be logged once per view in violation.
2021-01-22 10:36:34.200 firefox-bin[99376:9377369] Warning: Expected min height of view: (<NSButton: 0x139244400>) to be less than or equal to 30 but got a height of 32.000000. This error will be logged once per view in violation.
2021-01-22 10:36:34.200 firefox-bin[99376:9377369] Warning: Expected min height of view: (<NSButton: 0x139241400>) to be less than or equal to 30 but got a height of 32.000000. This error will be logged once per view in violation.
2021-01-22 10:36:34.201 firefox-bin[99376:9377369] Warning: Expected min height of view: (<NSButton: 0x139248800>) to be less than or equal to 30 but got a height of 32.000000. This error will be logged once per view in violation.
2021-01-22 10:36:34.201 firefox-bin[99376:9377369] Warning: Expected min height of view: (<NSButton: 0x139247c00>) to be less than or equal to 30 but got a height of 32.000000. This error will be logged once per view in violation.
2021-01-22 10:36:34.202 firefox-bin[99376:9377369] Warning: Expected min height of view: (<NSPopoverTouchBarItemButton: 0x139243000>) to be less than or equal to 30 but got a height of 32.000000. This error will be logged once per view in violation.
2021-01-22 10:36:34.202 firefox-bin[99376:9377369] Warning: Expected min height of view: (<NSPopoverTouchBarItemButton: 0x13930cc00>) to be less than or equal to 30 but got a height of 32.000000. This error will be logged once per view in violation.
console.warn: SearchSettings: "get: No settings file exists, new profile?" (new Error("", "(unknown module)"))
1611282995464	Marionette	INFO	Listening on port 63539
1611282995575	Marionette	WARN	TLS certificate errors will be ignored for this session
JavaScript warning: http://www.fangdi.com.cn/scripts/jquery-1.10.1.min.js, line 2: Using //@ to indicate sourceMappingURL pragmas is deprecated. Use //# instead
1611283020542	geckodriver	INFO	Listening on 127.0.0.1:63624
1611283021551	mozrunner::runner	INFO	Running command: "/Applications/Firefox.app/Contents/MacOS/firefox-bin" "--marionette" "-foreground" "-no-remote" "-profile" "/var/folders/ws/p5bl_7y55xl8ffvb_zyy_g_40000gn/T/rust_mozprofileoIUQU5"
2021-01-22 10:37:03.187 firefox-bin[99412:9378527] Warning: Expected min height of view: (<NSButton: 0x134d06400>) to be less than or equal to 30 but got a height of 32.000000. This error will be logged once per view in violation.
2021-01-22 10:37:03.188 firefox-bin[99412:9378527] Warning: Expected min height of view: (<NSButton: 0x134d0bc00>) to be less than or equal to 30 but got a height of 32.000000. This error will be logged once per view in violation.
2021-01-22 10:37:03.189 firefox-bin[99412:9378527] Warning: Expected min height of view: (<NSButton: 0x134d09c00>) to be less than or equal to 30 but got a height of 32.000000. This error will be logged once per view in violation.
2021-01-22 10:37:03.189 firefox-bin[99412:9378527] Warning: Expected min height of view: (<NSButton: 0x134d06000>) to be less than or equal to 30 but got a height of 32.000000. This error will be logged once per view in violation.
2021-01-22 10:37:03.190 firefox-bin[99412:9378527] Warning: Expected min height of view: (<NSButton: 0x134d07c00>) to be less than or equal to 30 but got a height of 32.000000. This error will be logged once per view in violation.
2021-01-22 10:37:03.190 firefox-bin[99412:9378527] Warning: Expected min height of view: (<NSPopoverTouchBarItemButton: 0x134d05c00>) to be less than or equal to 30 but got a height of 32.000000. This error will be logged once per view in violation.
2021-01-22 10:37:03.191 firefox-bin[99412:9378527] Warning: Expected min height of view: (<NSPopoverTouchBarItemButton: 0x134d20c00>) to be less than or equal to 30 but got a height of 32.000000. This error will be logged once per view in violation.
console.warn: SearchSettings: "get: No settings file exists, new profile?" (new Error("", "(unknown module)"))
1611283024467	Marionette	INFO	Listening on port 63635
1611283024525	Marionette	WARN	TLS certificate errors will be ignored for this session
1611283038883	Marionette	INFO	Stopped listening on port 63635

###!!! [Parent][RunMessage] Error: Channel closing: too late to send/recv, messages will be lost

1611283199267	geckodriver	INFO	Listening on 127.0.0.1:63731
1611283200280	mozrunner::runner	INFO	Running command: "/Applications/Firefox.app/Contents/MacOS/firefox-bin" "--marionette" "--ignore-certificate-errors" "--proxy-server=127.0.0.1:8888" "-foreground" "-no-remote" "-profile" "/var/folders/ws/p5bl_7y55xl8ffvb_zyy_g_40000gn/T/rust_mozprofileMMbon0"
2021-01-22 10:40:02.110 firefox-bin[99508:9381225] Warning: Expected min height of view: (<NSButton: 0x12f99c800>) to be less than or equal to 30 but got a height of 32.000000. This error will be logged once per view in violation.
2021-01-22 10:40:02.110 firefox-bin[99508:9381225] Warning: Expected min height of view: (<NSButton: 0x12fb04000>) to be less than or equal to 30 but got a height of 32.000000. This error will be logged once per view in violation.
2021-01-22 10:40:02.111 firefox-bin[99508:9381225] Warning: Expected min height of view: (<NSButton: 0x12fb06c00>) to be less than or equal to 30 but got a height of 32.000000. This error will be logged once per view in violation.
2021-01-22 10:40:02.112 firefox-bin[99508:9381225] Warning: Expected min height of view: (<NSButton: 0x12fb04800>) to be less than or equal to 30 but got a height of 32.000000. This error will be logged once per view in violation.
2021-01-22 10:40:02.112 firefox-bin[99508:9381225] Warning: Expected min height of view: (<NSButton: 0x12fb07400>) to be less than or equal to 30 but got a height of 32.000000. This error will be logged once per view in violation.
2021-01-22 10:40:02.113 firefox-bin[99508:9381225] Warning: Expected min height of view: (<NSPopoverTouchBarItemButton: 0x12fb07800>) to be less than or equal to 30 but got a height of 32.000000. This error will be logged once per view in violation.
2021-01-22 10:40:02.114 firefox-bin[99508:9381225] Warning: Expected min height of view: (<NSPopoverTouchBarItemButton: 0x12fb7cc00>) to be less than or equal to 30 but got a height of 32.000000. This error will be logged once per view in violation.
console.warn: SearchSettings: "get: No settings file exists, new profile?" (new Error("", "(unknown module)"))
1611283203055	Marionette	INFO	Listening on port 63742
1611283203151	Marionette	WARN	TLS certificate errors will be ignored for this session
JavaScript warning: http://www.fangdi.com.cn/scripts/jquery-1.10.1.min.js, line 2: Using //@ to indicate sourceMappingURL pragmas is deprecated. Use //# instead
1611283215580	Marionette	INFO	Stopped listening on port 63742

###!!! [Parent][RunMessage] Error: Channel closing: too late to send/recv, messages will be lost

1611283230424	geckodriver	INFO	Listening on 127.0.0.1:63820
1611283231434	mozrunner::runner	INFO	Running command: "/Applications/Firefox.app/Contents/MacOS/firefox-bin" "--marionette" "--ignore-certificate-errors" "--proxy-server=127.0.0.1:8888" "-foreground" "-no-remote" "-profile" "/var/folders/ws/p5bl_7y55xl8ffvb_zyy_g_40000gn/T/rust_mozprofileDoSH9O"
2021-01-22 10:40:33.310 firefox-bin[99536:9382467] Warning: Expected min height of view: (<NSButton: 0x1442bb800>) to be less than or equal to 30 but got a height of 32.000000. This error will be logged once per view in violation.
2021-01-22 10:40:33.311 firefox-bin[99536:9382467] Warning: Expected min height of view: (<NSButton: 0x1442b7800>) to be less than or equal to 30 but got a height of 32.000000. This error will be logged once per view in violation.
2021-01-22 10:40:33.311 firefox-bin[99536:9382467] Warning: Expected min height of view: (<NSButton: 0x1442ba400>) to be less than or equal to 30 but got a height of 32.000000. This error will be logged once per view in violation.
2021-01-22 10:40:33.312 firefox-bin[99536:9382467] Warning: Expected min height of view: (<NSButton: 0x1442b8800>) to be less than or equal to 30 but got a height of 32.000000. This error will be logged once per view in violation.
2021-01-22 10:40:33.313 firefox-bin[99536:9382467] Warning: Expected min height of view: (<NSButton: 0x1442b9400>) to be less than or equal to 30 but got a height of 32.000000. This error will be logged once per view in violation.
2021-01-22 10:40:33.313 firefox-bin[99536:9382467] Warning: Expected min height of view: (<NSPopoverTouchBarItemButton: 0x1442c1400>) to be less than or equal to 30 but got a height of 32.000000. This error will be logged once per view in violation.
2021-01-22 10:40:33.314 firefox-bin[99536:9382467] Warning: Expected min height of view: (<NSPopoverTouchBarItemButton: 0x144cc0400>) to be less than or equal to 30 but got a height of 32.000000. This error will be logged once per view in violation.
console.warn: SearchSettings: "get: No settings file exists, new profile?" (new Error("", "(unknown module)"))
1611283234462	Marionette	INFO	Listening on port 63831
1611283234530	Marionette	WARN	TLS certificate errors will be ignored for this session
JavaScript warning: http://www.fangdi.com.cn/scripts/jquery-1.10.1.min.js, line 2: Using //@ to indicate sourceMappingURL pragmas is deprecated. Use //# instead
1611283246980	Marionette	INFO	Stopped listening on port 63831

###!!! [Parent][RunMessage] Error: Channel closing: too late to send/recv, messages will be lost

1611283300428	geckodriver	INFO	Listening on 127.0.0.1:63913
1611283301433	mozrunner::runner	INFO	Running command: "/Applications/Firefox.app/Contents/MacOS/firefox-bin" "--marionette" "--ignore-certificate-errors" "--proxy-server=127.0.0.1:8888" "-foreground" "-no-remote" "-profile" "/var/folders/ws/p5bl_7y55xl8ffvb_zyy_g_40000gn/T/rust_mozprofileUQaD03"
2021-01-22 10:41:43.064 firefox-bin[99582:9384028] Warning: Expected min height of view: (<NSButton: 0x13b7c1400>) to be less than or equal to 30 but got a height of 32.000000. This error will be logged once per view in violation.
2021-01-22 10:41:43.064 firefox-bin[99582:9384028] Warning: Expected min height of view: (<NSButton: 0x13c707800>) to be less than or equal to 30 but got a height of 32.000000. This error will be logged once per view in violation.
2021-01-22 10:41:43.065 firefox-bin[99582:9384028] Warning: Expected min height of view: (<NSButton: 0x13c709c00>) to be less than or equal to 30 but got a height of 32.000000. This error will be logged once per view in violation.
2021-01-22 10:41:43.065 firefox-bin[99582:9384028] Warning: Expected min height of view: (<NSButton: 0x13c70a000>) to be less than or equal to 30 but got a height of 32.000000. This error will be logged once per view in violation.
2021-01-22 10:41:43.066 firefox-bin[99582:9384028] Warning: Expected min height of view: (<NSButton: 0x13c702800>) to be less than or equal to 30 but got a height of 32.000000. This error will be logged once per view in violation.
2021-01-22 10:41:43.066 firefox-bin[99582:9384028] Warning: Expected min height of view: (<NSPopoverTouchBarItemButton: 0x13c703000>) to be less than or equal to 30 but got a height of 32.000000. This error will be logged once per view in violation.
2021-01-22 10:41:43.067 firefox-bin[99582:9384028] Warning: Expected min height of view: (<NSPopoverTouchBarItemButton: 0x13c726400>) to be less than or equal to 30 but got a height of 32.000000. This error will be logged once per view in violation.
console.warn: SearchSettings: "get: No settings file exists, new profile?" (new Error("", "(unknown module)"))
1611283304158	Marionette	INFO	Listening on port 63924
1611283304238	Marionette	WARN	TLS certificate errors will be ignored for this session
JavaScript warning: http://www.fangdi.com.cn/scripts/jquery-1.10.1.min.js, line 2: Using //@ to indicate sourceMappingURL pragmas is deprecated. Use //# instead
1611283316674	Marionette	INFO	Stopped listening on port 63924

###!!! [Parent][RunMessage] Error: Channel closing: too late to send/recv, messages will be lost

1611283575034	geckodriver	INFO	Listening on 127.0.0.1:64144
1611283576038	mozrunner::runner	INFO	Running command: "/Applications/Firefox.app/Contents/MacOS/firefox-bin" "--marionette" "--ignore-certificate-errors" "_proxy=127.0.0.1:8888" "-foreground" "-no-remote" "-profile" "/var/folders/ws/p5bl_7y55xl8ffvb_zyy_g_40000gn/T/rust_mozprofileQyh4ep"
2021-01-22 10:46:17.744 firefox-bin[99712:9388246] Warning: Expected min height of view: (<NSButton: 0x12e210800>) to be less than or equal to 30 but got a height of 32.000000. This error will be logged once per view in violation.
2021-01-22 10:46:17.744 firefox-bin[99712:9388246] Warning: Expected min height of view: (<NSButton: 0x12e212c00>) to be less than or equal to 30 but got a height of 32.000000. This error will be logged once per view in violation.
2021-01-22 10:46:17.745 firefox-bin[99712:9388246] Warning: Expected min height of view: (<NSButton: 0x12e218000>) to be less than or equal to 30 but got a height of 32.000000. This error will be logged once per view in violation.
2021-01-22 10:46:17.746 firefox-bin[99712:9388246] Warning: Expected min height of view: (<NSButton: 0x12e216400>) to be less than or equal to 30 but got a height of 32.000000. This error will be logged once per view in violation.
2021-01-22 10:46:17.746 firefox-bin[99712:9388246] Warning: Expected min height of view: (<NSButton: 0x12e215000>) to be less than or equal to 30 but got a height of 32.000000. This error will be logged once per view in violation.
2021-01-22 10:46:17.747 firefox-bin[99712:9388246] Warning: Expected min height of view: (<NSPopoverTouchBarItemButton: 0x12e210400>) to be less than or equal to 30 but got a height of 32.000000. This error will be logged once per view in violation.
2021-01-22 10:46:17.747 firefox-bin[99712:9388246] Warning: Expected min height of view: (<NSPopoverTouchBarItemButton: 0x13899e400>) to be less than or equal to 30 but got a height of 32.000000. This error will be logged once per view in violation.
console.warn: SearchSettings: "get: No settings file exists, new profile?" (new Error("", "(unknown module)"))
1611283578862	Marionette	INFO	Listening on port 64155
1611283578923	Marionette	WARN	TLS certificate errors will be ignored for this session
JavaScript warning: http://www.fangdi.com.cn/scripts/jquery-1.10.1.min.js, line 2: Using //@ to indicate sourceMappingURL pragmas is deprecated. Use //# instead
1611283591364	Marionette	INFO	Stopped listening on port 64155

###!!! [Parent][RunMessage] Error: Channel closing: too late to send/recv, messages will be lost

Invalid port. Exiting...
1611283921983	geckodriver	INFO	Listening on 127.0.0.1:64306
1611283922993	mozrunner::runner	INFO	Running command: "/Applications/Firefox.app/Contents/MacOS/firefox-bin" "--marionette" "-foreground" "-no-remote" "-profile" "/var/folders/ws/p5bl_7y55xl8ffvb_zyy_g_40000gn/T/rust_mozprofileXYcO93"
2021-01-22 10:52:04.705 firefox-bin[99903:9393298] Warning: Expected min height of view: (<NSButton: 0x138623c00>) to be less than or equal to 30 but got a height of 32.000000. This error will be logged once per view in violation.
2021-01-22 10:52:04.706 firefox-bin[99903:9393298] Warning: Expected min height of view: (<NSButton: 0x138626000>) to be less than or equal to 30 but got a height of 32.000000. This error will be logged once per view in violation.
2021-01-22 10:52:04.706 firefox-bin[99903:9393298] Warning: Expected min height of view: (<NSButton: 0x13861e400>) to be less than or equal to 30 but got a height of 32.000000. This error will be logged once per view in violation.
2021-01-22 10:52:04.707 firefox-bin[99903:9393298] Warning: Expected min height of view: (<NSButton: 0x138621800>) to be less than or equal to 30 but got a height of 32.000000. This error will be logged once per view in violation.
2021-01-22 10:52:04.707 firefox-bin[99903:9393298] Warning: Expected min height of view: (<NSButton: 0x13861ec00>) to be less than or equal to 30 but got a height of 32.000000. This error will be logged once per view in violation.
2021-01-22 10:52:04.708 firefox-bin[99903:9393298] Warning: Expected min height of view: (<NSPopoverTouchBarItemButton: 0x13861f400>) to be less than or equal to 30 but got a height of 32.000000. This error will be logged once per view in violation.
2021-01-22 10:52:04.708 firefox-bin[99903:9393298] Warning: Expected min height of view: (<NSPopoverTouchBarItemButton: 0x138f64000>) to be less than or equal to 30 but got a height of 32.000000. This error will be logged once per view in violation.
console.warn: SearchSettings: "get: No settings file exists, new profile?" (new Error("", "(unknown module)"))
1611283925829	Marionette	INFO	Listening on port 64317
1611283925878	Marionette	WARN	TLS certificate errors will be ignored for this session
1611283967769	geckodriver	INFO	Listening on 127.0.0.1:64383
1611283968779	mozrunner::runner	INFO	Running command: "/Applications/Firefox.app/Contents/MacOS/firefox-bin" "--marionette" "-foreground" "-no-remote" "-profile" "/var/folders/ws/p5bl_7y55xl8ffvb_zyy_g_40000gn/T/rust_mozprofile3wytOS"
2021-01-22 10:52:50.467 firefox-bin[99938:9394657] Warning: Expected min height of view: (<NSButton: 0x13eb75000>) to be less than or equal to 30 but got a height of 32.000000. This error will be logged once per view in violation.
2021-01-22 10:52:50.468 firefox-bin[99938:9394657] Warning: Expected min height of view: (<NSButton: 0x13faad800>) to be less than or equal to 30 but got a height of 32.000000. This error will be logged once per view in violation.
2021-01-22 10:52:50.468 firefox-bin[99938:9394657] Warning: Expected min height of view: (<NSButton: 0x13faaf400>) to be less than or equal to 30 but got a height of 32.000000. This error will be logged once per view in violation.
2021-01-22 10:52:50.468 firefox-bin[99938:9394657] Warning: Expected min height of view: (<NSButton: 0x13fab0c00>) to be less than or equal to 30 but got a height of 32.000000. This error will be logged once per view in violation.
2021-01-22 10:52:50.469 firefox-bin[99938:9394657] Warning: Expected min height of view: (<NSButton: 0x13faab800>) to be less than or equal to 30 but got a height of 32.000000. This error will be logged once per view in violation.
2021-01-22 10:52:50.469 firefox-bin[99938:9394657] Warning: Expected min height of view: (<NSPopoverTouchBarItemButton: 0x13fab1000>) to be less than or equal to 30 but got a height of 32.000000. This error will be logged once per view in violation.
2021-01-22 10:52:50.470 firefox-bin[99938:9394657] Warning: Expected min height of view: (<NSPopoverTouchBarItemButton: 0x1404e7400>) to be less than or equal to 30 but got a height of 32.000000. This error will be logged once per view in violation.
console.warn: SearchSettings: "get: No settings file exists, new profile?" (new Error("", "(unknown module)"))
1611283971780	Marionette	INFO	Listening on port 64394
1611283971867	Marionette	WARN	TLS certificate errors will be ignored for this session
1611283994378	geckodriver	INFO	Listening on 127.0.0.1:64456
1611283995384	mozrunner::runner	INFO	Running command: "/Applications/Firefox.app/Contents/MacOS/firefox-bin" "--marionette" "-foreground" "-no-remote" "-profile" "/var/folders/ws/p5bl_7y55xl8ffvb_zyy_g_40000gn/T/rust_mozprofileftSHTA"
2021-01-22 10:53:17.129 firefox-bin[99979:9395709] Warning: Expected min height of view: (<NSButton: 0x13d516800>) to be less than or equal to 30 but got a height of 32.000000. This error will be logged once per view in violation.
2021-01-22 10:53:17.130 firefox-bin[99979:9395709] Warning: Expected min height of view: (<NSButton: 0x13d51e000>) to be less than or equal to 30 but got a height of 32.000000. This error will be logged once per view in violation.
2021-01-22 10:53:17.130 firefox-bin[99979:9395709] Warning: Expected min height of view: (<NSButton: 0x13d51d400>) to be less than or equal to 30 but got a height of 32.000000. This error will be logged once per view in violation.
2021-01-22 10:53:17.131 firefox-bin[99979:9395709] Warning: Expected min height of view: (<NSButton: 0x13d51e400>) to be less than or equal to 30 but got a height of 32.000000. This error will be logged once per view in violation.
2021-01-22 10:53:17.131 firefox-bin[99979:9395709] Warning: Expected min height of view: (<NSButton: 0x13d51c000>) to be less than or equal to 30 but got a height of 32.000000. This error will be logged once per view in violation.
2021-01-22 10:53:17.132 firefox-bin[99979:9395709] Warning: Expected min height of view: (<NSPopoverTouchBarItemButton: 0x13d51c400>) to be less than or equal to 30 but got a height of 32.000000. This error will be logged once per view in violation.
2021-01-22 10:53:17.132 firefox-bin[99979:9395709] Warning: Expected min height of view: (<NSPopoverTouchBarItemButton: 0x13d5e9c00>) to be less than or equal to 30 but got a height of 32.000000. This error will be logged once per view in violation.
console.warn: SearchSettings: "get: No settings file exists, new profile?" (new Error("", "(unknown module)"))
1611283998407	Marionette	INFO	Listening on port 64467
1611283998475	Marionette	WARN	TLS certificate errors will be ignored for this session
JavaScript warning: http://www.fangdi.com.cn/scripts/jquery-1.10.1.min.js, line 2: Using //@ to indicate sourceMappingURL pragmas is deprecated. Use //# instead
1611284011071	Marionette	INFO	Stopped listening on port 64467

###!!! [Parent][RunMessage] Error: Channel closing: too late to send/recv, messages will be lost

1611284193546	geckodriver	INFO	Listening on 127.0.0.1:64581
1611284194563	mozrunner::runner	INFO	Running command: "/Applications/Firefox.app/Contents/MacOS/firefox-bin" "--marionette" "-foreground" "-no-remote" "-profile" "/var/folders/ws/p5bl_7y55xl8ffvb_zyy_g_40000gn/T/rust_mozprofilelNwnky"
2021-01-22 10:56:36.164 firefox-bin[202:9398651] Warning: Expected min height of view: (<NSButton: 0x13ada8800>) to be less than or equal to 30 but got a height of 32.000000. This error will be logged once per view in violation.
2021-01-22 10:56:36.164 firefox-bin[202:9398651] Warning: Expected min height of view: (<NSButton: 0x13aea9000>) to be less than or equal to 30 but got a height of 32.000000. This error will be logged once per view in violation.
2021-01-22 10:56:36.165 firefox-bin[202:9398651] Warning: Expected min height of view: (<NSButton: 0x13aeabc00>) to be less than or equal to 30 but got a height of 32.000000. This error will be logged once per view in violation.
2021-01-22 10:56:36.166 firefox-bin[202:9398651] Warning: Expected min height of view: (<NSButton: 0x13b015000>) to be less than or equal to 30 but got a height of 32.000000. This error will be logged once per view in violation.
2021-01-22 10:56:36.166 firefox-bin[202:9398651] Warning: Expected min height of view: (<NSButton: 0x13b72fc00>) to be less than or equal to 30 but got a height of 32.000000. This error will be logged once per view in violation.
2021-01-22 10:56:36.167 firefox-bin[202:9398651] Warning: Expected min height of view: (<NSPopoverTouchBarItemButton: 0x13b736c00>) to be less than or equal to 30 but got a height of 32.000000. This error will be logged once per view in violation.
2021-01-22 10:56:36.167 firefox-bin[202:9398651] Warning: Expected min height of view: (<NSPopoverTouchBarItemButton: 0x144205000>) to be less than or equal to 30 but got a height of 32.000000. This error will be logged once per view in violation.
console.warn: SearchSettings: "get: No settings file exists, new profile?" (new Error("", "(unknown module)"))
1611284197276	Marionette	INFO	Listening on port 64592
1611284197343	Marionette	WARN	TLS certificate errors will be ignored for this session
JavaScript warning: http://www.fangdi.com.cn/scripts/jquery-1.10.1.min.js, line 2: Using //@ to indicate sourceMappingURL pragmas is deprecated. Use //# instead
1611284209863	Marionette	INFO	Stopped listening on port 64592

###!!! [Parent][RunMessage] Error: Channel closing: too late to send/recv, messages will be lost

2021-01-22 11:13:23.640 firefox-bin[99938:9394657] Warning: Expected min height of view: (<NSButton: 0x12253ec00>) to be less than or equal to 30 but got a height of 32.000000. This error will be logged once per view in violation.
2021-01-22 11:13:23.640 firefox-bin[99938:9394657] Warning: Expected min height of view: (<NSButton: 0x1225b1800>) to be less than or equal to 30 but got a height of 32.000000. This error will be logged once per view in violation.
2021-01-22 11:13:23.641 firefox-bin[99938:9394657] Warning: Expected min height of view: (<NSButton: 0x12a492000>) to be less than or equal to 30 but got a height of 32.000000. This error will be logged once per view in violation.
2021-01-22 11:13:23.642 firefox-bin[99938:9394657] Warning: Expected min height of view: (<NSButton: 0x12ee74000>) to be less than or equal to 30 but got a height of 32.000000. This error will be logged once per view in violation.
2021-01-22 11:13:23.642 firefox-bin[99938:9394657] Warning: Expected min height of view: (<NSButton: 0x12ee78c00>) to be less than or equal to 30 but got a height of 32.000000. This error will be logged once per view in violation.
2021-01-22 11:13:23.643 firefox-bin[99938:9394657] Warning: Expected min height of view: (<NSPopoverTouchBarItemButton: 0x148f7a800>) to be less than or equal to 30 but got a height of 32.000000. This error will be logged once per view in violation.
2021-01-22 11:13:23.644 firefox-bin[99938:9394657] Warning: Expected min height of view: (<NSPopoverTouchBarItemButton: 0x14915c800>) to be less than or equal to 30 but got a height of 32.000000. This error will be logged once per view in violation.
1611285207809	Marionette	INFO	Stopped listening on port 64394

###!!! [Parent][RunMessage] Error: Channel closing: too late to send/recv, messages will be lost

2021-01-22 11:13:28.224 firefox-bin[99903:9393298] Warning: Expected min height of view: (<NSButton: 0x12947d800>) to be less than or equal to 30 but got a height of 32.000000. This error will be logged once per view in violation.
2021-01-22 11:13:28.225 firefox-bin[99903:9393298] Warning: Expected min height of view: (<NSButton: 0x12947a400>) to be less than or equal to 30 but got a height of 32.000000. This error will be logged once per view in violation.
2021-01-22 11:13:28.226 firefox-bin[99903:9393298] Warning: Expected min height of view: (<NSButton: 0x12947a800>) to be less than or equal to 30 but got a height of 32.000000. This error will be logged once per view in violation.
2021-01-22 11:13:28.227 firefox-bin[99903:9393298] Warning: Expected min height of view: (<NSButton: 0x1378adc00>) to be less than or equal to 30 but got a height of 32.000000. This error will be logged once per view in violation.
2021-01-22 11:13:28.227 firefox-bin[99903:9393298] Warning: Expected min height of view: (<NSButton: 0x1378ae400>) to be less than or equal to 30 but got a height of 32.000000. This error will be logged once per view in violation.
2021-01-22 11:13:28.228 firefox-bin[99903:9393298] Warning: Expected min height of view: (<NSPopoverTouchBarItemButton: 0x138623800>) to be less than or equal to 30 but got a height of 32.000000. This error will be logged once per view in violation.
2021-01-22 11:13:28.228 firefox-bin[99903:9393298] Warning: Expected min height of view: (<NSPopoverTouchBarItemButton: 0x141d08000>) to be less than or equal to 30 but got a height of 32.000000. This error will be logged once per view in violation.
1611285210562	Marionette	INFO	Stopped listening on port 64317

###!!! [Parent][RunMessage] Error: Channel closing: too late to send/recv, messages will be lost

1611285212167	Marionette	INFO	Stopped listening on port 63539

###!!! [Parent][RunMessage] Error: Channel closing: too late to send/recv, messages will be lost

1611285435287	geckodriver	INFO	Listening on 127.0.0.1:64945
1611285436303	mozrunner::runner	INFO	Running command: "/Applications/Firefox.app/Contents/MacOS/firefox-bin" "--marionette" "-foreground" "-no-remote" "-profile" "/var/folders/ws/p5bl_7y55xl8ffvb_zyy_g_40000gn/T/rust_mozprofileUJtY8h"
2021-01-22 11:17:17.951 firefox-bin[934:9413266] Warning: Expected min height of view: (<NSButton: 0x13568cc00>) to be less than or equal to 30 but got a height of 32.000000. This error will be logged once per view in violation.
2021-01-22 11:17:17.952 firefox-bin[934:9413266] Warning: Expected min height of view: (<NSButton: 0x1357a9400>) to be less than or equal to 30 but got a height of 32.000000. This error will be logged once per view in violation.
2021-01-22 11:17:17.952 firefox-bin[934:9413266] Warning: Expected min height of view: (<NSButton: 0x1357aa400>) to be less than or equal to 30 but got a height of 32.000000. This error will be logged once per view in violation.
2021-01-22 11:17:17.953 firefox-bin[934:9413266] Warning: Expected min height of view: (<NSButton: 0x1357ae400>) to be less than or equal to 30 but got a height of 32.000000. This error will be logged once per view in violation.
2021-01-22 11:17:17.953 firefox-bin[934:9413266] Warning: Expected min height of view: (<NSButton: 0x1357ab800>) to be less than or equal to 30 but got a height of 32.000000. This error will be logged once per view in violation.
2021-01-22 11:17:17.954 firefox-bin[934:9413266] Warning: Expected min height of view: (<NSPopoverTouchBarItemButton: 0x1357ac400>) to be less than or equal to 30 but got a height of 32.000000. This error will be logged once per view in violation.
2021-01-22 11:17:17.954 firefox-bin[934:9413266] Warning: Expected min height of view: (<NSPopoverTouchBarItemButton: 0x13615fc00>) to be less than or equal to 30 but got a height of 32.000000. This error will be logged once per view in violation.
console.warn: SearchSettings: "get: No settings file exists, new profile?" (new Error("", "(unknown module)"))
1611285439055	Marionette	INFO	Listening on port 64956
1611285439079	Marionette	WARN	TLS certificate errors will be ignored for this session
JavaScript warning: http://www.fangdi.com.cn/scripts/jquery-1.10.1.min.js, line 2: Using //@ to indicate sourceMappingURL pragmas is deprecated. Use //# instead
JavaScript error: http://www.fangdi.com.cn/scripts/jquery-1.10.1.min.js, line 4: TypeError: e is undefined
1611285442207	Marionette	INFO	Stopped listening on port 64956

###!!! [Parent][RunMessage] Error: Channel closing: too late to send/recv, messages will be lost

1611285564089	geckodriver	INFO	Listening on 127.0.0.1:65050
1611285564100	mozrunner::runner	INFO	Running command: "/Applications/Firefox.app/Contents/MacOS/firefox-bin" "--marionette" "-foreground" "-no-remote" "-profile" "/var/folders/ws/p5bl_7y55xl8ffvb_zyy_g_40000gn/T/rust_mozprofile2KwGfB"
2021-01-22 11:19:25.673 firefox-bin[1121:9415725] Warning: Expected min height of view: (<NSButton: 0x13bb08800>) to be less than or equal to 30 but got a height of 32.000000. This error will be logged once per view in violation.
2021-01-22 11:19:25.673 firefox-bin[1121:9415725] Warning: Expected min height of view: (<NSButton: 0x13bb05400>) to be less than or equal to 30 but got a height of 32.000000. This error will be logged once per view in violation.
2021-01-22 11:19:25.674 firefox-bin[1121:9415725] Warning: Expected min height of view: (<NSButton: 0x13bb06c00>) to be less than or equal to 30 but got a height of 32.000000. This error will be logged once per view in violation.
2021-01-22 11:19:25.674 firefox-bin[1121:9415725] Warning: Expected min height of view: (<NSButton: 0x13bb07c00>) to be less than or equal to 30 but got a height of 32.000000. This error will be logged once per view in violation.
2021-01-22 11:19:25.675 firefox-bin[1121:9415725] Warning: Expected min height of view: (<NSButton: 0x13bb08400>) to be less than or equal to 30 but got a height of 32.000000. This error will be logged once per view in violation.
2021-01-22 11:19:25.675 firefox-bin[1121:9415725] Warning: Expected min height of view: (<NSPopoverTouchBarItemButton: 0x13bb0ac00>) to be less than or equal to 30 but got a height of 32.000000. This error will be logged once per view in violation.
2021-01-22 11:19:25.676 firefox-bin[1121:9415725] Warning: Expected min height of view: (<NSPopoverTouchBarItemButton: 0x13c4adc00>) to be less than or equal to 30 but got a height of 32.000000. This error will be logged once per view in violation.
console.warn: SearchSettings: "get: No settings file exists, new profile?" (new Error("", "(unknown module)"))
1611285566722	Marionette	INFO	Listening on port 65059
1611285566786	Marionette	WARN	TLS certificate errors will be ignored for this session
JavaScript warning: http://www.fangdi.com.cn/scripts/jquery-1.10.1.min.js, line 2: Using //@ to indicate sourceMappingURL pragmas is deprecated. Use //# instead
1611285567641	Marionette	INFO	Stopped listening on port 65059
JavaScript error: resource://activity-stream/lib/ASRouter.jsm, line 987: NS_ERROR_ILLEGAL_VALUE: Component returned failure code: 0x80070057 (NS_ERROR_ILLEGAL_VALUE) [nsIObserverService.removeObserver]

###!!! [Parent][RunMessage] Error: Channel closing: too late to send/recv, messages will be lost

1611285576839	geckodriver	INFO	Listening on 127.0.0.1:65109
1611285576849	mozrunner::runner	INFO	Running command: "/Applications/Firefox.app/Contents/MacOS/firefox-bin" "--marionette" "-foreground" "-no-remote" "-profile" "/var/folders/ws/p5bl_7y55xl8ffvb_zyy_g_40000gn/T/rust_mozprofilef6naAO"
2021-01-22 11:19:38.393 firefox-bin[1137:9416397] Warning: Expected min height of view: (<NSButton: 0x13eb5f800>) to be less than or equal to 30 but got a height of 32.000000. This error will be logged once per view in violation.
2021-01-22 11:19:38.394 firefox-bin[1137:9416397] Warning: Expected min height of view: (<NSButton: 0x13f83a400>) to be less than or equal to 30 but got a height of 32.000000. This error will be logged once per view in violation.
2021-01-22 11:19:38.395 firefox-bin[1137:9416397] Warning: Expected min height of view: (<NSButton: 0x13f83c800>) to be less than or equal to 30 but got a height of 32.000000. This error will be logged once per view in violation.
2021-01-22 11:19:38.395 firefox-bin[1137:9416397] Warning: Expected min height of view: (<NSButton: 0x13f839c00>) to be less than or equal to 30 but got a height of 32.000000. This error will be logged once per view in violation.
2021-01-22 11:19:38.396 firefox-bin[1137:9416397] Warning: Expected min height of view: (<NSButton: 0x13f83dc00>) to be less than or equal to 30 but got a height of 32.000000. This error will be logged once per view in violation.
2021-01-22 11:19:38.396 firefox-bin[1137:9416397] Warning: Expected min height of view: (<NSPopoverTouchBarItemButton: 0x13f83b800>) to be less than or equal to 30 but got a height of 32.000000. This error will be logged once per view in violation.
2021-01-22 11:19:38.397 firefox-bin[1137:9416397] Warning: Expected min height of view: (<NSPopoverTouchBarItemButton: 0x13f908c00>) to be less than or equal to 30 but got a height of 32.000000. This error will be logged once per view in violation.
console.warn: SearchSettings: "get: No settings file exists, new profile?" (new Error("", "(unknown module)"))
1611285579456	Marionette	INFO	Listening on port 65118
1611285579537	Marionette	WARN	TLS certificate errors will be ignored for this session
JavaScript warning: http://www.fangdi.com.cn/scripts/jquery-1.10.1.min.js, line 2: Using //@ to indicate sourceMappingURL pragmas is deprecated. Use //# instead
1611285582353	Marionette	INFO	Stopped listening on port 65118

###!!! [Parent][RunMessage] Error: Channel closing: too late to send/recv, messages will be lost

1611286231609	geckodriver	INFO	Listening on 127.0.0.1:49958
1611286231618	mozrunner::runner	INFO	Running command: "/Applications/Firefox.app/Contents/MacOS/firefox-bin" "--marionette" "-foreground" "-no-remote" "-profile" "/var/folders/ws/p5bl_7y55xl8ffvb_zyy_g_40000gn/T/rust_mozprofileGErgGX"
2021-01-22 11:30:33.298 firefox-bin[1354:9425014] Warning: Expected min height of view: (<NSButton: 0x139c2e400>) to be less than or equal to 30 but got a height of 32.000000. This error will be logged once per view in violation.
2021-01-22 11:30:33.299 firefox-bin[1354:9425014] Warning: Expected min height of view: (<NSButton: 0x139c2d800>) to be less than or equal to 30 but got a height of 32.000000. This error will be logged once per view in violation.
2021-01-22 11:30:33.299 firefox-bin[1354:9425014] Warning: Expected min height of view: (<NSButton: 0x139c29c00>) to be less than or equal to 30 but got a height of 32.000000. This error will be logged once per view in violation.
2021-01-22 11:30:33.300 firefox-bin[1354:9425014] Warning: Expected min height of view: (<NSButton: 0x139c2dc00>) to be less than or equal to 30 but got a height of 32.000000. This error will be logged once per view in violation.
2021-01-22 11:30:33.300 firefox-bin[1354:9425014] Warning: Expected min height of view: (<NSButton: 0x139c2fc00>) to be less than or equal to 30 but got a height of 32.000000. This error will be logged once per view in violation.
2021-01-22 11:30:33.301 firefox-bin[1354:9425014] Warning: Expected min height of view: (<NSPopoverTouchBarItemButton: 0x139c30400>) to be less than or equal to 30 but got a height of 32.000000. This error will be logged once per view in violation.
2021-01-22 11:30:33.301 firefox-bin[1354:9425014] Warning: Expected min height of view: (<NSPopoverTouchBarItemButton: 0x13a07ac00>) to be less than or equal to 30 but got a height of 32.000000. This error will be logged once per view in violation.
console.warn: SearchSettings: "get: No settings file exists, new profile?" (new Error("", "(unknown module)"))
1611286234417	Marionette	INFO	Listening on port 49967
1611286234509	Marionette	WARN	TLS certificate errors will be ignored for this session
JavaScript warning: http://www.fangdi.com.cn/scripts/jquery-1.10.1.min.js, line 2: Using //@ to indicate sourceMappingURL pragmas is deprecated. Use //# instead
1611286235399	Marionette	INFO	Stopped listening on port 49967
JavaScript error: resource://activity-stream/lib/ASRouter.jsm, line 987: NS_ERROR_ILLEGAL_VALUE: Component returned failure code: 0x80070057 (NS_ERROR_ILLEGAL_VALUE) [nsIObserverService.removeObserver]

###!!! [Parent][RunMessage] Error: Channel closing: too late to send/recv, messages will be lost

1611286534985	geckodriver	INFO	Listening on 127.0.0.1:50029
1611286534994	mozrunner::runner	INFO	Running command: "/Applications/Firefox.app/Contents/MacOS/firefox-bin" "--marionette" "-foreground" "-no-remote" "-profile" "/var/folders/ws/p5bl_7y55xl8ffvb_zyy_g_40000gn/T/rust_mozprofile7IdqdB"
2021-01-22 11:35:36.600 firefox-bin[1449:9429203] Warning: Expected min height of view: (<NSButton: 0x13dd9bc00>) to be less than or equal to 30 but got a height of 32.000000. This error will be logged once per view in violation.
2021-01-22 11:35:36.601 firefox-bin[1449:9429203] Warning: Expected min height of view: (<NSButton: 0x13de86c00>) to be less than or equal to 30 but got a height of 32.000000. This error will be logged once per view in violation.
2021-01-22 11:35:36.601 firefox-bin[1449:9429203] Warning: Expected min height of view: (<NSButton: 0x13de89c00>) to be less than or equal to 30 but got a height of 32.000000. This error will be logged once per view in violation.
2021-01-22 11:35:36.602 firefox-bin[1449:9429203] Warning: Expected min height of view: (<NSButton: 0x13de88000>) to be less than or equal to 30 but got a height of 32.000000. This error will be logged once per view in violation.
2021-01-22 11:35:36.602 firefox-bin[1449:9429203] Warning: Expected min height of view: (<NSButton: 0x13de8a400>) to be less than or equal to 30 but got a height of 32.000000. This error will be logged once per view in violation.
2021-01-22 11:35:36.603 firefox-bin[1449:9429203] Warning: Expected min height of view: (<NSPopoverTouchBarItemButton: 0x13de8b000>) to be less than or equal to 30 but got a height of 32.000000. This error will be logged once per view in violation.
2021-01-22 11:35:36.603 firefox-bin[1449:9429203] Warning: Expected min height of view: (<NSPopoverTouchBarItemButton: 0x13debf400>) to be less than or equal to 30 but got a height of 32.000000. This error will be logged once per view in violation.
console.warn: SearchSettings: "get: No settings file exists, new profile?" (new Error("", "(unknown module)"))
1611286537663	Marionette	INFO	Listening on port 50038
1611286537775	Marionette	WARN	TLS certificate errors will be ignored for this session
JavaScript warning: http://www.fangdi.com.cn/scripts/jquery-1.10.1.min.js, line 2: Using //@ to indicate sourceMappingURL pragmas is deprecated. Use //# instead
1611286538634	Marionette	INFO	Stopped listening on port 50038
JavaScript error: resource://activity-stream/lib/ASRouter.jsm, line 987: NS_ERROR_ILLEGAL_VALUE: Component returned failure code: 0x80070057 (NS_ERROR_ILLEGAL_VALUE) [nsIObserverService.removeObserver]

###!!! [Parent][RunMessage] Error: Channel closing: too late to send/recv, messages will be lost

1611286566064	geckodriver	INFO	Listening on 127.0.0.1:50090
1611286566076	mozrunner::runner	INFO	Running command: "/Applications/Firefox.app/Contents/MacOS/firefox-bin" "--marionette" "-foreground" "-no-remote" "-profile" "/var/folders/ws/p5bl_7y55xl8ffvb_zyy_g_40000gn/T/rust_mozprofilemi7bNY"
2021-01-22 11:36:07.729 firefox-bin[1478:9430107] Warning: Expected min height of view: (<NSButton: 0x140103400>) to be less than or equal to 30 but got a height of 32.000000. This error will be logged once per view in violation.
2021-01-22 11:36:07.729 firefox-bin[1478:9430107] Warning: Expected min height of view: (<NSButton: 0x140a72800>) to be less than or equal to 30 but got a height of 32.000000. This error will be logged once per view in violation.
2021-01-22 11:36:07.730 firefox-bin[1478:9430107] Warning: Expected min height of view: (<NSButton: 0x140a74800>) to be less than or equal to 30 but got a height of 32.000000. This error will be logged once per view in violation.
2021-01-22 11:36:07.730 firefox-bin[1478:9430107] Warning: Expected min height of view: (<NSButton: 0x149211400>) to be less than or equal to 30 but got a height of 32.000000. This error will be logged once per view in violation.
2021-01-22 11:36:07.731 firefox-bin[1478:9430107] Warning: Expected min height of view: (<NSButton: 0x149215800>) to be less than or equal to 30 but got a height of 32.000000. This error will be logged once per view in violation.
2021-01-22 11:36:07.731 firefox-bin[1478:9430107] Warning: Expected min height of view: (<NSPopoverTouchBarItemButton: 0x149215000>) to be less than or equal to 30 but got a height of 32.000000. This error will be logged once per view in violation.
2021-01-22 11:36:07.732 firefox-bin[1478:9430107] Warning: Expected min height of view: (<NSPopoverTouchBarItemButton: 0x149220c00>) to be less than or equal to 30 but got a height of 32.000000. This error will be logged once per view in violation.
console.warn: SearchSettings: "get: No settings file exists, new profile?" (new Error("", "(unknown module)"))
1611286568787	Marionette	INFO	Listening on port 50099
1611286568844	Marionette	WARN	TLS certificate errors will be ignored for this session
JavaScript warning: http://www.fangdi.com.cn/scripts/jquery-1.10.1.min.js, line 2: Using //@ to indicate sourceMappingURL pragmas is deprecated. Use //# instead
1611286569682	Marionette	INFO	Stopped listening on port 50099
JavaScript error: resource://activity-stream/lib/ASRouter.jsm, line 987: NS_ERROR_ILLEGAL_VALUE: Component returned failure code: 0x80070057 (NS_ERROR_ILLEGAL_VALUE) [nsIObserverService.removeObserver]

###!!! [Parent][RunMessage] Error: Channel closing: too late to send/recv, messages will be lost

1611286625519	geckodriver	INFO	Listening on 127.0.0.1:50152
1611286625529	mozrunner::runner	INFO	Running command: "/Applications/Firefox.app/Contents/MacOS/firefox-bin" "--marionette" "-foreground" "-no-remote" "-profile" "/var/folders/ws/p5bl_7y55xl8ffvb_zyy_g_40000gn/T/rust_mozprofiletTkD3v"
2021-01-22 11:37:07.146 firefox-bin[1513:9431317] Warning: Expected min height of view: (<NSButton: 0x12faea000>) to be less than or equal to 30 but got a height of 32.000000. This error will be logged once per view in violation.
2021-01-22 11:37:07.146 firefox-bin[1513:9431317] Warning: Expected min height of view: (<NSButton: 0x12faea800>) to be less than or equal to 30 but got a height of 32.000000. This error will be logged once per view in violation.
2021-01-22 11:37:07.147 firefox-bin[1513:9431317] Warning: Expected min height of view: (<NSButton: 0x12fae8400>) to be less than or equal to 30 but got a height of 32.000000. This error will be logged once per view in violation.
2021-01-22 11:37:07.147 firefox-bin[1513:9431317] Warning: Expected min height of view: (<NSButton: 0x12faf5400>) to be less than or equal to 30 but got a height of 32.000000. This error will be logged once per view in violation.
2021-01-22 11:37:07.148 firefox-bin[1513:9431317] Warning: Expected min height of view: (<NSButton: 0x12faf5800>) to be less than or equal to 30 but got a height of 32.000000. This error will be logged once per view in violation.
2021-01-22 11:37:07.148 firefox-bin[1513:9431317] Warning: Expected min height of view: (<NSPopoverTouchBarItemButton: 0x12faf0400>) to be less than or equal to 30 but got a height of 32.000000. This error will be logged once per view in violation.
2021-01-22 11:37:07.149 firefox-bin[1513:9431317] Warning: Expected min height of view: (<NSPopoverTouchBarItemButton: 0x12fb08000>) to be less than or equal to 30 but got a height of 32.000000. This error will be logged once per view in violation.
console.warn: SearchSettings: "get: No settings file exists, new profile?" (new Error("", "(unknown module)"))
1611286628228	Marionette	INFO	Listening on port 50161
1611286628296	Marionette	WARN	TLS certificate errors will be ignored for this session
JavaScript warning: http://www.fangdi.com.cn/scripts/jquery-1.10.1.min.js, line 2: Using //@ to indicate sourceMappingURL pragmas is deprecated. Use //# instead
1611286629423	Marionette	INFO	Stopped listening on port 50161
JavaScript error: resource://activity-stream/lib/ASRouter.jsm, line 987: NS_ERROR_ILLEGAL_VALUE: Component returned failure code: 0x80070057 (NS_ERROR_ILLEGAL_VALUE) [nsIObserverService.removeObserver]

###!!! [Parent][RunMessage] Error: Channel closing: too late to send/recv, messages will be lost

1611286778170	geckodriver	INFO	Listening on 127.0.0.1:50224
1611286778179	mozrunner::runner	INFO	Running command: "/Applications/Firefox.app/Contents/MacOS/firefox-bin" "--marionette" "-foreground" "-no-remote" "-profile" "/var/folders/ws/p5bl_7y55xl8ffvb_zyy_g_40000gn/T/rust_mozprofileM1yjkt"
2021-01-22 11:39:39.774 firefox-bin[1574:9433702] Warning: Expected min height of view: (<NSButton: 0x142571000>) to be less than or equal to 30 but got a height of 32.000000. This error will be logged once per view in violation.
2021-01-22 11:39:39.775 firefox-bin[1574:9433702] Warning: Expected min height of view: (<NSButton: 0x1426af400>) to be less than or equal to 30 but got a height of 32.000000. This error will be logged once per view in violation.
2021-01-22 11:39:39.775 firefox-bin[1574:9433702] Warning: Expected min height of view: (<NSButton: 0x1426ae400>) to be less than or equal to 30 but got a height of 32.000000. This error will be logged once per view in violation.
2021-01-22 11:39:39.776 firefox-bin[1574:9433702] Warning: Expected min height of view: (<NSButton: 0x1426ab400>) to be less than or equal to 30 but got a height of 32.000000. This error will be logged once per view in violation.
2021-01-22 11:39:39.776 firefox-bin[1574:9433702] Warning: Expected min height of view: (<NSButton: 0x1426ab800>) to be less than or equal to 30 but got a height of 32.000000. This error will be logged once per view in violation.
2021-01-22 11:39:39.777 firefox-bin[1574:9433702] Warning: Expected min height of view: (<NSPopoverTouchBarItemButton: 0x1426a9c00>) to be less than or equal to 30 but got a height of 32.000000. This error will be logged once per view in violation.
2021-01-22 11:39:39.777 firefox-bin[1574:9433702] Warning: Expected min height of view: (<NSPopoverTouchBarItemButton: 0x143094000>) to be less than or equal to 30 but got a height of 32.000000. This error will be logged once per view in violation.
console.warn: SearchSettings: "get: No settings file exists, new profile?" (new Error("", "(unknown module)"))
1611286780856	Marionette	INFO	Listening on port 50233
1611286780962	Marionette	WARN	TLS certificate errors will be ignored for this session
JavaScript warning: http://www.fangdi.com.cn/scripts/jquery-1.10.1.min.js, line 2: Using //@ to indicate sourceMappingURL pragmas is deprecated. Use //# instead
1611286785062	Marionette	INFO	Stopped listening on port 50233

###!!! [Parent][RunMessage] Error: Channel closing: too late to send/recv, messages will be lost

1611287029896	geckodriver	INFO	Listening on 127.0.0.1:50377
1611287029906	mozrunner::runner	INFO	Running command: "/Applications/Firefox.app/Contents/MacOS/firefox-bin" "--marionette" "-foreground" "-no-remote" "-profile" "/var/folders/ws/p5bl_7y55xl8ffvb_zyy_g_40000gn/T/rust_mozprofileTJ3Ri6"
2021-01-22 11:43:51.602 firefox-bin[1682:9437110] Warning: Expected min height of view: (<NSButton: 0x13cfedc00>) to be less than or equal to 30 but got a height of 32.000000. This error will be logged once per view in violation.
2021-01-22 11:43:51.603 firefox-bin[1682:9437110] Warning: Expected min height of view: (<NSButton: 0x13cfecc00>) to be less than or equal to 30 but got a height of 32.000000. This error will be logged once per view in violation.
2021-01-22 11:43:51.603 firefox-bin[1682:9437110] Warning: Expected min height of view: (<NSButton: 0x13cff0400>) to be less than or equal to 30 but got a height of 32.000000. This error will be logged once per view in violation.
2021-01-22 11:43:51.604 firefox-bin[1682:9437110] Warning: Expected min height of view: (<NSButton: 0x13cff1c00>) to be less than or equal to 30 but got a height of 32.000000. This error will be logged once per view in violation.
2021-01-22 11:43:51.604 firefox-bin[1682:9437110] Warning: Expected min height of view: (<NSButton: 0x13cff3800>) to be less than or equal to 30 but got a height of 32.000000. This error will be logged once per view in violation.
2021-01-22 11:43:51.605 firefox-bin[1682:9437110] Warning: Expected min height of view: (<NSPopoverTouchBarItemButton: 0x13cff5c00>) to be less than or equal to 30 but got a height of 32.000000. This error will be logged once per view in violation.
2021-01-22 11:43:51.606 firefox-bin[1682:9437110] Warning: Expected min height of view: (<NSPopoverTouchBarItemButton: 0x13d8ec400>) to be less than or equal to 30 but got a height of 32.000000. This error will be logged once per view in violation.
console.warn: SearchSettings: "get: No settings file exists, new profile?" (new Error("", "(unknown module)"))
1611287032879	Marionette	INFO	Listening on port 50386
1611287032971	Marionette	WARN	TLS certificate errors will be ignored for this session
JavaScript warning: http://www.fangdi.com.cn/scripts/jquery-1.10.1.min.js, line 2: Using //@ to indicate sourceMappingURL pragmas is deprecated. Use //# instead
1611287034010	Marionette	INFO	Stopped listening on port 50386
JavaScript error: resource://activity-stream/lib/ASRouter.jsm, line 987: NS_ERROR_ILLEGAL_VALUE: Component returned failure code: 0x80070057 (NS_ERROR_ILLEGAL_VALUE) [nsIObserverService.removeObserver]
console.error: services.settings: 
  main/cfr Signature failed  TypeError: NetworkError when attempting to fetch resource.

###!!! [Parent][RunMessage] Error: Channel closing: too late to send/recv, messages will be lost

1611291772761	geckodriver	INFO	Listening on 127.0.0.1:50770
1611291773773	mozrunner::runner	INFO	Running command: "/Applications/Firefox.app/Contents/MacOS/firefox-bin" "--marionette" "-foreground" "-no-remote" "-profile" "/var/folders/ws/p5bl_7y55xl8ffvb_zyy_g_40000gn/T/rust_mozprofile8apGu8"
2021-01-22 13:02:55.721 firefox-bin[2447:9461000] Warning: Expected min height of view: (<NSButton: 0x13c968400>) to be less than or equal to 30 but got a height of 32.000000. This error will be logged once per view in violation.
2021-01-22 13:02:55.721 firefox-bin[2447:9461000] Warning: Expected min height of view: (<NSButton: 0x13cabe800>) to be less than or equal to 30 but got a height of 32.000000. This error will be logged once per view in violation.
2021-01-22 13:02:55.722 firefox-bin[2447:9461000] Warning: Expected min height of view: (<NSButton: 0x13cabc000>) to be less than or equal to 30 but got a height of 32.000000. This error will be logged once per view in violation.
2021-01-22 13:02:55.722 firefox-bin[2447:9461000] Warning: Expected min height of view: (<NSButton: 0x13cabf400>) to be less than or equal to 30 but got a height of 32.000000. This error will be logged once per view in violation.
2021-01-22 13:02:55.723 firefox-bin[2447:9461000] Warning: Expected min height of view: (<NSButton: 0x13cac2000>) to be less than or equal to 30 but got a height of 32.000000. This error will be logged once per view in violation.
2021-01-22 13:02:55.723 firefox-bin[2447:9461000] Warning: Expected min height of view: (<NSPopoverTouchBarItemButton: 0x13cabd000>) to be less than or equal to 30 but got a height of 32.000000. This error will be logged once per view in violation.
2021-01-22 13:02:55.724 firefox-bin[2447:9461000] Warning: Expected min height of view: (<NSPopoverTouchBarItemButton: 0x13d4b7c00>) to be less than or equal to 30 but got a height of 32.000000. This error will be logged once per view in violation.
console.warn: SearchSettings: "get: No settings file exists, new profile?" (new Error("", "(unknown module)"))
1611291776832	Marionette	INFO	Listening on port 50782
1611291776860	Marionette	WARN	TLS certificate errors will be ignored for this session
JavaScript warning: http://www.fangdi.com.cn/scripts/jquery-1.10.1.min.js, line 2: Using //@ to indicate sourceMappingURL pragmas is deprecated. Use //# instead
1611291783890	Marionette	INFO	Stopped listening on port 50782

###!!! [Parent][RunMessage] Error: Channel closing: too late to send/recv, messages will be lost

1611292255955	geckodriver	INFO	Listening on 127.0.0.1:51126
1611292256974	mozrunner::runner	INFO	Running command: "/Applications/Firefox.app/Contents/MacOS/firefox-bin" "--marionette" "-foreground" "-no-remote" "-profile" "/var/folders/ws/p5bl_7y55xl8ffvb_zyy_g_40000gn/T/rust_mozprofilecx8VVv"
2021-01-22 13:10:58.954 firefox-bin[2612:9467468] Warning: Expected min height of view: (<NSButton: 0x14256cc00>) to be less than or equal to 30 but got a height of 32.000000. This error will be logged once per view in violation.
2021-01-22 13:10:58.955 firefox-bin[2612:9467468] Warning: Expected min height of view: (<NSButton: 0x1426b0000>) to be less than or equal to 30 but got a height of 32.000000. This error will be logged once per view in violation.
2021-01-22 13:10:58.955 firefox-bin[2612:9467468] Warning: Expected min height of view: (<NSButton: 0x1426adc00>) to be less than or equal to 30 but got a height of 32.000000. This error will be logged once per view in violation.
2021-01-22 13:10:58.956 firefox-bin[2612:9467468] Warning: Expected min height of view: (<NSButton: 0x1426b0400>) to be less than or equal to 30 but got a height of 32.000000. This error will be logged once per view in violation.
2021-01-22 13:10:58.957 firefox-bin[2612:9467468] Warning: Expected min height of view: (<NSButton: 0x1426b1c00>) to be less than or equal to 30 but got a height of 32.000000. This error will be logged once per view in violation.
2021-01-22 13:10:58.957 firefox-bin[2612:9467468] Warning: Expected min height of view: (<NSPopoverTouchBarItemButton: 0x1427f1c00>) to be less than or equal to 30 but got a height of 32.000000. This error will be logged once per view in violation.
2021-01-22 13:10:58.958 firefox-bin[2612:9467468] Warning: Expected min height of view: (<NSPopoverTouchBarItemButton: 0x14bb09000>) to be less than or equal to 30 but got a height of 32.000000. This error will be logged once per view in violation.
console.warn: SearchSettings: "get: No settings file exists, new profile?" (new Error("", "(unknown module)"))
1611292260123	Marionette	INFO	Listening on port 51137
1611292260164	Marionette	WARN	TLS certificate errors will be ignored for this session
JavaScript warning: http://www.fangdi.com.cn/scripts/jquery-1.10.1.min.js, line 2: Using //@ to indicate sourceMappingURL pragmas is deprecated. Use //# instead
1611292298369	Marionette	INFO	Stopped listening on port 51137

###!!! [Parent][RunMessage] Error: Channel closing: too late to send/recv, messages will be lost

1611292322781	geckodriver	INFO	Listening on 127.0.0.1:51229
1611292322792	mozrunner::runner	INFO	Running command: "/Applications/Firefox.app/Contents/MacOS/firefox-bin" "--marionette" "-foreground" "-no-remote" "-profile" "/var/folders/ws/p5bl_7y55xl8ffvb_zyy_g_40000gn/T/rust_mozprofileGa1KLK"
2021-01-22 13:12:04.424 firefox-bin[2639:9469042] Warning: Expected min height of view: (<NSButton: 0x14256ec00>) to be less than or equal to 30 but got a height of 32.000000. This error will be logged once per view in violation.
2021-01-22 13:12:04.425 firefox-bin[2639:9469042] Warning: Expected min height of view: (<NSButton: 0x14349e800>) to be less than or equal to 30 but got a height of 32.000000. This error will be logged once per view in violation.
2021-01-22 13:12:04.425 firefox-bin[2639:9469042] Warning: Expected min height of view: (<NSButton: 0x143618800>) to be less than or equal to 30 but got a height of 32.000000. This error will be logged once per view in violation.
2021-01-22 13:12:04.426 firefox-bin[2639:9469042] Warning: Expected min height of view: (<NSButton: 0x14361a800>) to be less than or equal to 30 but got a height of 32.000000. This error will be logged once per view in violation.
2021-01-22 13:12:04.426 firefox-bin[2639:9469042] Warning: Expected min height of view: (<NSButton: 0x143e1d800>) to be less than or equal to 30 but got a height of 32.000000. This error will be logged once per view in violation.
2021-01-22 13:12:04.427 firefox-bin[2639:9469042] Warning: Expected min height of view: (<NSPopoverTouchBarItemButton: 0x143e24400>) to be less than or equal to 30 but got a height of 32.000000. This error will be logged once per view in violation.
2021-01-22 13:12:04.427 firefox-bin[2639:9469042] Warning: Expected min height of view: (<NSPopoverTouchBarItemButton: 0x14c6eec00>) to be less than or equal to 30 but got a height of 32.000000. This error will be logged once per view in violation.
console.warn: SearchSettings: "get: No settings file exists, new profile?" (new Error("", "(unknown module)"))
1611292325514	Marionette	INFO	Listening on port 51238
1611292325570	Marionette	WARN	TLS certificate errors will be ignored for this session
JavaScript warning: http://www.fangdi.com.cn/scripts/jquery-1.10.1.min.js, line 2: Using //@ to indicate sourceMappingURL pragmas is deprecated. Use //# instead
1611292362684	Marionette	INFO	Stopped listening on port 51238

###!!! [Parent][RunMessage] Error: Channel closing: too late to send/recv, messages will be lost

1611293230248	geckodriver	INFO	Listening on 127.0.0.1:51542
1611293230260	mozrunner::runner	INFO	Running command: "/Applications/Firefox.app/Contents/MacOS/firefox-bin" "--marionette" "-foreground" "-no-remote" "-profile" "/var/folders/ws/p5bl_7y55xl8ffvb_zyy_g_40000gn/T/rust_mozprofileuwzp0a"
2021-01-22 13:27:12.187 firefox-bin[2896:9479525] Warning: Expected min height of view: (<NSButton: 0x1375a1c00>) to be less than or equal to 30 but got a height of 32.000000. This error will be logged once per view in violation.
2021-01-22 13:27:12.187 firefox-bin[2896:9479525] Warning: Expected min height of view: (<NSButton: 0x1376b8400>) to be less than or equal to 30 but got a height of 32.000000. This error will be logged once per view in violation.
2021-01-22 13:27:12.188 firefox-bin[2896:9479525] Warning: Expected min height of view: (<NSButton: 0x1376b5800>) to be less than or equal to 30 but got a height of 32.000000. This error will be logged once per view in violation.
2021-01-22 13:27:12.188 firefox-bin[2896:9479525] Warning: Expected min height of view: (<NSButton: 0x1376b5400>) to be less than or equal to 30 but got a height of 32.000000. This error will be logged once per view in violation.
2021-01-22 13:27:12.189 firefox-bin[2896:9479525] Warning: Expected min height of view: (<NSButton: 0x1376ba800>) to be less than or equal to 30 but got a height of 32.000000. This error will be logged once per view in violation.
2021-01-22 13:27:12.189 firefox-bin[2896:9479525] Warning: Expected min height of view: (<NSPopoverTouchBarItemButton: 0x1376b8800>) to be less than or equal to 30 but got a height of 32.000000. This error will be logged once per view in violation.
2021-01-22 13:27:12.191 firefox-bin[2896:9479525] Warning: Expected min height of view: (<NSPopoverTouchBarItemButton: 0x138070000>) to be less than or equal to 30 but got a height of 32.000000. This error will be logged once per view in violation.
console.warn: SearchSettings: "get: No settings file exists, new profile?" (new Error("", "(unknown module)"))
1611293233375	Marionette	INFO	Listening on port 51551
1611293233452	Marionette	WARN	TLS certificate errors will be ignored for this session
JavaScript warning: http://www.fangdi.com.cn/scripts/jquery-1.10.1.min.js, line 2: Using //@ to indicate sourceMappingURL pragmas is deprecated. Use //# instead
1611293234395	Marionette	INFO	Stopped listening on port 51551
JavaScript error: resource://activity-stream/lib/ASRouter.jsm, line 987: NS_ERROR_ILLEGAL_VALUE: Component returned failure code: 0x80070057 (NS_ERROR_ILLEGAL_VALUE) [nsIObserverService.removeObserver]

###!!! [Parent][RunMessage] Error: Channel closing: too late to send/recv, messages will be lost

1611293913273	geckodriver	INFO	Listening on 127.0.0.1:51657
1611293913285	mozrunner::runner	INFO	Running command: "/Applications/Firefox.app/Contents/MacOS/firefox-bin" "--marionette" "-foreground" "-no-remote" "-profile" "/var/folders/ws/p5bl_7y55xl8ffvb_zyy_g_40000gn/T/rust_mozprofilelV0Ss4"
2021-01-22 13:38:34.953 firefox-bin[3102:9486673] Warning: Expected min height of view: (<NSButton: 0x141850400>) to be less than or equal to 30 but got a height of 32.000000. This error will be logged once per view in violation.
2021-01-22 13:38:34.954 firefox-bin[3102:9486673] Warning: Expected min height of view: (<NSButton: 0x1426f4000>) to be less than or equal to 30 but got a height of 32.000000. This error will be logged once per view in violation.
2021-01-22 13:38:34.954 firefox-bin[3102:9486673] Warning: Expected min height of view: (<NSButton: 0x1426f4c00>) to be less than or equal to 30 but got a height of 32.000000. This error will be logged once per view in violation.
2021-01-22 13:38:34.955 firefox-bin[3102:9486673] Warning: Expected min height of view: (<NSButton: 0x1426ef800>) to be less than or equal to 30 but got a height of 32.000000. This error will be logged once per view in violation.
2021-01-22 13:38:34.955 firefox-bin[3102:9486673] Warning: Expected min height of view: (<NSButton: 0x1426f4400>) to be less than or equal to 30 but got a height of 32.000000. This error will be logged once per view in violation.
2021-01-22 13:38:34.956 firefox-bin[3102:9486673] Warning: Expected min height of view: (<NSPopoverTouchBarItemButton: 0x1426f3400>) to be less than or equal to 30 but got a height of 32.000000. This error will be logged once per view in violation.
2021-01-22 13:38:34.956 firefox-bin[3102:9486673] Warning: Expected min height of view: (<NSPopoverTouchBarItemButton: 0x142711c00>) to be less than or equal to 30 but got a height of 32.000000. This error will be logged once per view in violation.
console.warn: SearchSettings: "get: No settings file exists, new profile?" (new Error("", "(unknown module)"))
1611293916212	Marionette	INFO	Listening on port 51666
1611293916273	Marionette	WARN	TLS certificate errors will be ignored for this session
JavaScript warning: http://www.fangdi.com.cn/scripts/jquery-1.10.1.min.js, line 2: Using //@ to indicate sourceMappingURL pragmas is deprecated. Use //# instead
1611293917248	Marionette	INFO	Stopped listening on port 51666
JavaScript error: resource://activity-stream/lib/ASRouter.jsm, line 987: NS_ERROR_ILLEGAL_VALUE: Component returned failure code: 0x80070057 (NS_ERROR_ILLEGAL_VALUE) [nsIObserverService.removeObserver]
console.error: services.settings: 
  main/cfr Signature failed  TypeError: NetworkError when attempting to fetch resource.

###!!! [Parent][RunMessage] Error: Channel closing: too late to send/recv, messages will be lost

1611293982418	geckodriver	INFO	Listening on 127.0.0.1:51718
1611293982429	mozrunner::runner	INFO	Running command: "/Applications/Firefox.app/Contents/MacOS/firefox-bin" "--marionette" "-foreground" "-no-remote" "-profile" "/var/folders/ws/p5bl_7y55xl8ffvb_zyy_g_40000gn/T/rust_mozprofileKmYTFi"
2021-01-22 13:39:44.154 firefox-bin[3139:9488310] Warning: Expected min height of view: (<NSButton: 0x133d07800>) to be less than or equal to 30 but got a height of 32.000000. This error will be logged once per view in violation.
2021-01-22 13:39:44.155 firefox-bin[3139:9488310] Warning: Expected min height of view: (<NSButton: 0x133d0a800>) to be less than or equal to 30 but got a height of 32.000000. This error will be logged once per view in violation.
2021-01-22 13:39:44.156 firefox-bin[3139:9488310] Warning: Expected min height of view: (<NSButton: 0x133d0ac00>) to be less than or equal to 30 but got a height of 32.000000. This error will be logged once per view in violation.
2021-01-22 13:39:44.156 firefox-bin[3139:9488310] Warning: Expected min height of view: (<NSButton: 0x133d0c000>) to be less than or equal to 30 but got a height of 32.000000. This error will be logged once per view in violation.
2021-01-22 13:39:44.157 firefox-bin[3139:9488310] Warning: Expected min height of view: (<NSButton: 0x133d10c00>) to be less than or equal to 30 but got a height of 32.000000. This error will be logged once per view in violation.
2021-01-22 13:39:44.157 firefox-bin[3139:9488310] Warning: Expected min height of view: (<NSPopoverTouchBarItemButton: 0x133d14400>) to be less than or equal to 30 but got a height of 32.000000. This error will be logged once per view in violation.
2021-01-22 13:39:44.158 firefox-bin[3139:9488310] Warning: Expected min height of view: (<NSPopoverTouchBarItemButton: 0x14726b800>) to be less than or equal to 30 but got a height of 32.000000. This error will be logged once per view in violation.
console.warn: SearchSettings: "get: No settings file exists, new profile?" (new Error("", "(unknown module)"))
1611293985243	Marionette	INFO	Listening on port 51727
1611293985291	Marionette	WARN	TLS certificate errors will be ignored for this session
JavaScript warning: http://www.fangdi.com.cn/scripts/jquery-1.10.1.min.js, line 2: Using //@ to indicate sourceMappingURL pragmas is deprecated. Use //# instead
1611293986135	Marionette	INFO	Stopped listening on port 51727
JavaScript error: resource://activity-stream/lib/ASRouter.jsm, line 987: NS_ERROR_ILLEGAL_VALUE: Component returned failure code: 0x80070057 (NS_ERROR_ILLEGAL_VALUE) [nsIObserverService.removeObserver]

###!!! [Parent][RunMessage] Error: Channel closing: too late to send/recv, messages will be lost

1611294470932	geckodriver	INFO	Listening on 127.0.0.1:51902
1611294470945	mozrunner::runner	INFO	Running command: "/Applications/Firefox.app/Contents/MacOS/firefox-bin" "--marionette" "-foreground" "-no-remote" "-profile" "/var/folders/ws/p5bl_7y55xl8ffvb_zyy_g_40000gn/T/rust_mozprofileHsjW9Y"
2021-01-22 13:47:52.803 firefox-bin[3322:9494114] Warning: Expected min height of view: (<NSButton: 0x1436d2800>) to be less than or equal to 30 but got a height of 32.000000. This error will be logged once per view in violation.
2021-01-22 13:47:52.804 firefox-bin[3322:9494114] Warning: Expected min height of view: (<NSButton: 0x1436d5400>) to be less than or equal to 30 but got a height of 32.000000. This error will be logged once per view in violation.
2021-01-22 13:47:52.804 firefox-bin[3322:9494114] Warning: Expected min height of view: (<NSButton: 0x1436cf800>) to be less than or equal to 30 but got a height of 32.000000. This error will be logged once per view in violation.
2021-01-22 13:47:52.805 firefox-bin[3322:9494114] Warning: Expected min height of view: (<NSButton: 0x1436d5800>) to be less than or equal to 30 but got a height of 32.000000. This error will be logged once per view in violation.
2021-01-22 13:47:52.805 firefox-bin[3322:9494114] Warning: Expected min height of view: (<NSButton: 0x1436d5000>) to be less than or equal to 30 but got a height of 32.000000. This error will be logged once per view in violation.
2021-01-22 13:47:52.807 firefox-bin[3322:9494114] Warning: Expected min height of view: (<NSPopoverTouchBarItemButton: 0x1436cfc00>) to be less than or equal to 30 but got a height of 32.000000. This error will be logged once per view in violation.
2021-01-22 13:47:52.807 firefox-bin[3322:9494114] Warning: Expected min height of view: (<NSPopoverTouchBarItemButton: 0x1436f8400>) to be less than or equal to 30 but got a height of 32.000000. This error will be logged once per view in violation.
console.warn: SearchSettings: "get: No settings file exists, new profile?" (new Error("", "(unknown module)"))
1611294474000	Marionette	INFO	Listening on port 51911
1611294474028	Marionette	WARN	TLS certificate errors will be ignored for this session
JavaScript warning: http://www.fangdi.com.cn/scripts/jquery-1.10.1.min.js, line 2: Using //@ to indicate sourceMappingURL pragmas is deprecated. Use //# instead
1611294479879	Marionette	INFO	Stopped listening on port 51911

###!!! [Parent][RunMessage] Error: Channel closing: too late to send/recv, messages will be lost

1611295016949	geckodriver	INFO	Listening on 127.0.0.1:52167
1611295016961	mozrunner::runner	INFO	Running command: "/Applications/Firefox.app/Contents/MacOS/firefox-bin" "--marionette" "-foreground" "-no-remote" "-profile" "/var/folders/ws/p5bl_7y55xl8ffvb_zyy_g_40000gn/T/rust_mozprofileOpsTtg"
2021-01-22 13:56:58.617 firefox-bin[3591:9501535] Warning: Expected min height of view: (<NSButton: 0x13c4ebc00>) to be less than or equal to 30 but got a height of 32.000000. This error will be logged once per view in violation.
2021-01-22 13:56:58.618 firefox-bin[3591:9501535] Warning: Expected min height of view: (<NSButton: 0x13c4ee000>) to be less than or equal to 30 but got a height of 32.000000. This error will be logged once per view in violation.
2021-01-22 13:56:58.619 firefox-bin[3591:9501535] Warning: Expected min height of view: (<NSButton: 0x13c4efc00>) to be less than or equal to 30 but got a height of 32.000000. This error will be logged once per view in violation.
2021-01-22 13:56:58.619 firefox-bin[3591:9501535] Warning: Expected min height of view: (<NSButton: 0x13c4f5400>) to be less than or equal to 30 but got a height of 32.000000. This error will be logged once per view in violation.
2021-01-22 13:56:58.620 firefox-bin[3591:9501535] Warning: Expected min height of view: (<NSButton: 0x13c6f3800>) to be less than or equal to 30 but got a height of 32.000000. This error will be logged once per view in violation.
2021-01-22 13:56:58.620 firefox-bin[3591:9501535] Warning: Expected min height of view: (<NSPopoverTouchBarItemButton: 0x13ce6c000>) to be less than or equal to 30 but got a height of 32.000000. This error will be logged once per view in violation.
2021-01-22 13:56:58.621 firefox-bin[3591:9501535] Warning: Expected min height of view: (<NSPopoverTouchBarItemButton: 0x13ced7400>) to be less than or equal to 30 but got a height of 32.000000. This error will be logged once per view in violation.
console.warn: SearchSettings: "get: No settings file exists, new profile?" (new Error("", "(unknown module)"))
1611295019681	Marionette	INFO	Listening on port 52176
1611295019725	Marionette	WARN	TLS certificate errors will be ignored for this session
JavaScript warning: http://www.fangdi.com.cn/scripts/jquery-1.10.1.min.js, line 2: Using //@ to indicate sourceMappingURL pragmas is deprecated. Use //# instead
1611295020594	Marionette	INFO	Stopped listening on port 52176
JavaScript error: resource://activity-stream/lib/ASRouter.jsm, line 987: NS_ERROR_ILLEGAL_VALUE: Component returned failure code: 0x80070057 (NS_ERROR_ILLEGAL_VALUE) [nsIObserverService.removeObserver]

###!!! [Parent][RunMessage] Error: Channel closing: too late to send/recv, messages will be lost

1611296601918	geckodriver	INFO	Listening on 127.0.0.1:53317
1611296602933	mozrunner::runner	INFO	Running command: "/Applications/Firefox.app/Contents/MacOS/firefox-bin" "--marionette" "-foreground" "-no-remote" "-profile" "/var/folders/ws/p5bl_7y55xl8ffvb_zyy_g_40000gn/T/rust_mozprofilejeMxSZ"
2021-01-22 14:23:24.941 firefox-bin[7811:9532366] Warning: Expected min height of view: (<NSButton: 0x135ca3c00>) to be less than or equal to 30 but got a height of 32.000000. This error will be logged once per view in violation.
2021-01-22 14:23:24.942 firefox-bin[7811:9532366] Warning: Expected min height of view: (<NSButton: 0x135db5c00>) to be less than or equal to 30 but got a height of 32.000000. This error will be logged once per view in violation.
2021-01-22 14:23:24.942 firefox-bin[7811:9532366] Warning: Expected min height of view: (<NSButton: 0x135db2800>) to be less than or equal to 30 but got a height of 32.000000. This error will be logged once per view in violation.
2021-01-22 14:23:24.943 firefox-bin[7811:9532366] Warning: Expected min height of view: (<NSButton: 0x135db7c00>) to be less than or equal to 30 but got a height of 32.000000. This error will be logged once per view in violation.
2021-01-22 14:23:24.943 firefox-bin[7811:9532366] Warning: Expected min height of view: (<NSButton: 0x135db5000>) to be less than or equal to 30 but got a height of 32.000000. This error will be logged once per view in violation.
2021-01-22 14:23:24.944 firefox-bin[7811:9532366] Warning: Expected min height of view: (<NSPopoverTouchBarItemButton: 0x135db3800>) to be less than or equal to 30 but got a height of 32.000000. This error will be logged once per view in violation.
2021-01-22 14:23:24.944 firefox-bin[7811:9532366] Warning: Expected min height of view: (<NSPopoverTouchBarItemButton: 0x13f209c00>) to be less than or equal to 30 but got a height of 32.000000. This error will be logged once per view in violation.
console.warn: SearchSettings: "get: No settings file exists, new profile?" (new Error("", "(unknown module)"))
1611296606117	Marionette	INFO	Listening on port 53328
1611296606215	Marionette	WARN	TLS certificate errors will be ignored for this session
JavaScript warning: http://www.fangdi.com.cn/scripts/jquery-1.10.1.min.js, line 2: Using //@ to indicate sourceMappingURL pragmas is deprecated. Use //# instead
1611296607095	Marionette	INFO	Stopped listening on port 53328
JavaScript error: resource://activity-stream/lib/ASRouter.jsm, line 987: NS_ERROR_ILLEGAL_VALUE: Component returned failure code: 0x80070057 (NS_ERROR_ILLEGAL_VALUE) [nsIObserverService.removeObserver]

###!!! [Parent][RunMessage] Error: Channel closing: too late to send/recv, messages will be lost

